Determining if the pthread_create exist failed with the following output:
Change Dir: /home/ubuntu/whyeo/vtm-mlt-final/build/CMakeFiles/CMakeTmp

Run Build Command:"/usr/bin/make" "cmTC_10672/fast"
/usr/bin/make -f CMakeFiles/cmTC_10672.dir/build.make CMakeFiles/cmTC_10672.dir/build
make[1]: Entering directory '/home/ubuntu/whyeo/vtm-mlt-final/build/CMakeFiles/CMakeTmp'
Building C object CMakeFiles/cmTC_10672.dir/CheckSymbolExists.c.o
/usr/bin/cc    -fPIE   -o CMakeFiles/cmTC_10672.dir/CheckSymbolExists.c.o   -c /home/ubuntu/whyeo/vtm-mlt-final/build/CMakeFiles/CMakeTmp/CheckSymbolExists.c
Linking C executable cmTC_10672
/usr/bin/cmake -E cmake_link_script CMakeFiles/cmTC_10672.dir/link.txt --verbose=1
/usr/bin/cc       CMakeFiles/cmTC_10672.dir/CheckSymbolExists.c.o  -o cmTC_10672 
CMakeFiles/cmTC_10672.dir/CheckSymbolExists.c.o: In function `main':
CheckSymbolExists.c:(.text+0x1b): undefined reference to `pthread_create'
collect2: error: ld returned 1 exit status
CMakeFiles/cmTC_10672.dir/build.make:97: recipe for target 'cmTC_10672' failed
make[1]: *** [cmTC_10672] Error 1
make[1]: Leaving directory '/home/ubuntu/whyeo/vtm-mlt-final/build/CMakeFiles/CMakeTmp'
Makefile:126: recipe for target 'cmTC_10672/fast' failed
make: *** [cmTC_10672/fast] Error 2

File /home/ubuntu/whyeo/vtm-mlt-final/build/CMakeFiles/CMakeTmp/CheckSymbolExists.c:
/* */
#include <pthread.h>

int main(int argc, char** argv)
{
  (void)argv;
#ifndef pthread_create
  return ((int*)(&pthread_create))[argc];
#else
  (void)argc;
  return 0;
#endif
}

